This file contains any messages produced by compilers while
running configure, to aid debugging if configure makes a mistake.

configure:734: checking for a BSD compatible install
configure:787: checking whether build environment is sane
configure:844: checking whether make sets ${MAKE}
configure:890: checking for working aclocal
configure:903: checking for working autoconf
configure:916: checking for working automake
configure:929: checking for working autoheader
configure:942: checking for working makeinfo
configure:970: checking for gcc
configure:1083: checking whether the C compiler (gcc  ) works
configure:1099: gcc -o conftest    conftest.c  1>&5
configure:1096:1: warning: return type defaults to 'int' [-Wimplicit-int]
 main(){return(0);}
 ^
configure:1125: checking whether the C compiler (gcc  ) is a cross-compiler
configure:1130: checking whether we are using GNU C
configure:1139: gcc -E conftest.c
configure:1158: checking whether gcc accepts -g
configure:1194: checking for c++
configure:1226: checking whether the C++ compiler (c++  ) works
configure:1242: c++ -o conftest    conftest.C  1>&5
configure:1268: checking whether the C++ compiler (c++  ) is a cross-compiler
configure:1273: checking whether we are using GNU C++
configure:1282: c++ -E conftest.C
configure:1301: checking whether c++ accepts -g
configure:1350: gcc -c -g -O2  conftest.c 1>&5
configure:1367: gcc -c -g -O2  conftest.c 1>&5
configure: In function 'main':
configure:1363:1: warning: implicit declaration of function 'exit' [-Wimplicit-function-declaration]
 exit (42);
 ^
configure:1363:1: warning: incompatible implicit declaration of built-in function 'exit'
configure:1363:1: note: include '<stdlib.h>' or provide a declaration of 'exit'
configure:1384: checking how to run the C preprocessor
configure:1405: gcc -E  conftest.c >/dev/null 2>conftest.out
configure:1465: checking whether gcc needs -traditional
configure:1511: checking whether make sets ${MAKE}
configure:1545: checking host system type
configure:1567: checking for Cygwin environment
configure:1583: gcc -c -g -O2  conftest.c 1>&5
configure: In function 'main':
configure:1577:20: error: '__CYGWIN32__' undeclared (first use in this function)
 #define __CYGWIN__ __CYGWIN32__
                    ^
configure:1579:8: note: in expansion of macro '__CYGWIN__'
 return __CYGWIN__;
        ^
configure:1577:20: note: each undeclared identifier is reported only once for each function it appears in
 #define __CYGWIN__ __CYGWIN32__
                    ^
configure:1579:8: note: in expansion of macro '__CYGWIN__'
 return __CYGWIN__;
        ^
configure: failed program was:
#line 1572 "configure"
#include "confdefs.h"

int main() {

#ifndef __CYGWIN__
#define __CYGWIN__ __CYGWIN32__
#endif
return __CYGWIN__;
; return 0; }
configure:1600: checking for mingw32 environment
configure:1612: gcc -c -g -O2  conftest.c 1>&5
configure: In function 'main':
configure:1608:8: error: '__MINGW32__' undeclared (first use in this function)
 return __MINGW32__;
        ^
configure:1608:8: note: each undeclared identifier is reported only once for each function it appears in
configure: failed program was:
#line 1605 "configure"
#include "confdefs.h"

int main() {
return __MINGW32__;
; return 0; }
configure:1698: checking build system type
configure:1727: checking for ld used by GCC
configure:1795: checking if the linker (/usr/bin/ld) is GNU ld
GNU ld version 2.25-15.fc23
configure:1812: checking for /usr/bin/ld option to reload object files
configure:1824: checking for BSD-compatible nm
configure:1862: checking whether ln -s works
configure:1883: checking how to recognise dependant libraries
configure:2056: checking for object suffix
configure:2062: gcc -c -g -O2  conftest.c 1>&5
configure:2082: checking for executable suffix
configure:2092: gcc -o conftest -g -O2   conftest.c  1>&5
configure:2123: checking command to parse /usr/bin/nm -B output
configure:2199: gcc -c -g -O2  conftest.c 1>&5
configure:2202: /usr/bin/nm -B conftest.o | sed -n -e 's/^.*[ ]\([ABCDGISTW][ABCDGISTW]*\)[ ][ ]*\(\)\([_A-Za-z][_A-Za-z0-9]*\)$/\1 \2\3 \3/p' > conftest.nm
configure:2253: gcc -o conftest -g -O2   conftest.c conftstm.o 1>&5
configure:2299: checking for dlfcn.h
configure:2309: gcc -E  conftest.c >/dev/null 2>conftest.out
configure:2344: checking for file
configure:2477: checking for ranlib
configure:2544: checking for strip
configure:3052: checking for objdir
configure:3079: checking for gcc option to produce PIC
configure:3231: checking if gcc PIC flag -fPIC works
configure:3245: gcc -c -g -O2 -fPIC -DPIC  conftest.c 1>&5
configure:3297: checking if gcc static flag -static works
configure:3312: gcc -o conftest -g -O2   -static conftest.c  1>&5
/usr/bin/ld: cannot find -lc
collect2: error: ld returned 1 exit status
configure: failed program was:
#line 3305 "configure"
#include "confdefs.h"

int main() {

; return 0; }
configure:3339: checking if gcc supports -c -o file.o
configure:3358: gcc -c -g -O2 -o out/conftest2.o  conftest.c 1>&5
configure:3387: checking if gcc supports -c -o file.lo
configure:3403: gcc -c -g -O2 -c -o conftest.lo  conftest.c 1>&5
configure:3452: checking if gcc supports -fno-rtti -fno-exceptions
configure:3465: gcc -c -g -O2 -fno-rtti -fno-exceptions -c conftest.c  conftest.c 1>&5
cc1: warning: command line option '-fno-rtti' is valid for C++/ObjC++ but not for C
cc1: warning: command line option '-fno-rtti' is valid for C++/ObjC++ but not for C
configure:3492: checking whether the linker (/usr/bin/ld) supports shared libraries
configure:4108: checking how to hardcode library paths into programs
configure:4136: checking whether stripping libraries is possible
configure:4150: checking dynamic linker characteristics
configure:4536: checking if libtool supports shared libraries
configure:5029: checking whether -lc should be explicitly linked in
configure:5036: gcc -c -g -O2  conftest.c 1>&5
configure:5049: gcc -shared conftest.o  -v -Wl,-soname -Wl,conftest -o conftest 2>&1 | grep  -lc  >/dev/null 2>&1
configure:5628: checking for strerror in -lcposix
configure:5647: gcc -o conftest -g -O2   conftest.c -lcposix   1>&5
/usr/bin/ld: cannot find -lcposix
collect2: error: ld returned 1 exit status
configure: failed program was:
#line 5636 "configure"
#include "confdefs.h"
/* Override any gcc2 internal prototype to avoid an error.  */
/* We use char because int might match the return type of a gcc2
    builtin and then its argument prototype would still apply.  */
char strerror();

int main() {
strerror()
; return 0; }
configure:5678: checking how to run the C++ preprocessor
configure:5696: c++ -E  conftest.C >/dev/null 2>conftest.out
configure:5721: checking for ANSI C header files
configure:5734: c++ -E  conftest.C >/dev/null 2>conftest.out
configure:5801: c++ -o conftest -g -O2   conftest.C  1>&5
configure: In function 'int main()':
configure:5796:73: error: 'exit' was not declared in this scope
 if (XOR (islower (i), ISLOWER (i)) || toupper (i) != TOUPPER (i)) exit(2);
                                                                         ^
configure:5797:8: error: 'exit' was not declared in this scope
 exit (0); }
        ^
configure: failed program was:
#line 5790 "configure"
#include "confdefs.h"
#include <ctype.h>
#define ISLOWER(c) ('a' <= (c) && (c) <= 'z')
#define TOUPPER(c) (ISLOWER(c) ? 'A' + ((c) - 'a') : (c))
#define XOR(e, f) (((e) && !(f)) || (!(e) && (f)))
int main () { int i; for (i = 0; i < 256; i++)
if (XOR (islower (i), ISLOWER (i)) || toupper (i) != TOUPPER (i)) exit(2);
exit (0); }

configure:5829: checking for stdio.h
configure:5839: c++ -E  conftest.C >/dev/null 2>conftest.out
configure:5829: checking for string.h
configure:5839: c++ -E  conftest.C >/dev/null 2>conftest.out
configure:5829: checking for math.h
configure:5839: c++ -E  conftest.C >/dev/null 2>conftest.out
configure:5829: checking for stdlib.h
configure:5839: c++ -E  conftest.C >/dev/null 2>conftest.out
configure:5829: checking for unistd.h
configure:5839: c++ -E  conftest.C >/dev/null 2>conftest.out
configure:5829: checking for ctype.h
configure:5839: c++ -E  conftest.C >/dev/null 2>conftest.out
configure:5829: checking for getopt.h
configure:5839: c++ -E  conftest.C >/dev/null 2>conftest.out
configure:5829: checking for sys/types.h
configure:5839: c++ -E  conftest.C >/dev/null 2>conftest.out
configure:5829: checking for sys/times.h
configure:5839: c++ -E  conftest.C >/dev/null 2>conftest.out
configure:5829: checking for windows.h
configure:5839: c++ -E  conftest.C >/dev/null 2>conftest.out
configure:5835:21: fatal error: windows.h: No such file or directory
compilation terminated.
configure: failed program was:
#line 5834 "configure"
#include "confdefs.h"
#include <windows.h>
configure:5867: checking for pid_t
configure:5900: checking for size_t
configure:5934: checking for pow in -lm
configure:5956: c++ -o conftest -g -O2   conftest.C -lm   1>&5
configure:5984: checking for exp in -lm
configure:6006: c++ -o conftest -g -O2   conftest.C -lm  -lm  1>&5
configure:6037: checking for isspace
configure:6068: c++ -o conftest -g -O2   conftest.C -lm -lm  1>&5
configure:6037: checking for getopt
configure:6068: c++ -o conftest -g -O2   conftest.C -lm -lm  1>&5
configure:6037: checking for getopt_long
configure:6068: c++ -o conftest -g -O2   conftest.C -lm -lm  1>&5
configure:6037: checking for memset
configure:6068: c++ -o conftest -g -O2   conftest.C -lm -lm  1>&5
configure:6037: checking for bzero
configure:6068: c++ -o conftest -g -O2   conftest.C -lm -lm  1>&5
configure:6037: checking for memcpy
configure:6068: c++ -o conftest -g -O2   conftest.C -lm -lm  1>&5
configure:6037: checking for bcopy
configure:6068: c++ -o conftest -g -O2   conftest.C -lm -lm  1>&5
configure:6094: checking whether make is GNU Make
configure:6369: checking if c++ supports template <class T> (required)
configure:6384: c++ -c -Wall -O9 -funroll-all-loops -finline -ffast-math  conftest.C 1>&5
configure:6403: checking if c++ supports const_cast<> (required)
configure:6417: c++ -c -Wall -O9 -funroll-all-loops -finline -ffast-math  conftest.C 1>&5
configure: In function 'int main()':
configure:6412:9: warning: unused variable 'c1' [-Wunused-variable]
    foo *c1=const_cast<foo*>(c);
         ^
configure:6436: checking if c++ supports static_cast<> (required)
configure:6450: c++ -c -Wall -O9 -funroll-all-loops -finline -ffast-math  conftest.C 1>&5
configure: In function 'int main()':
configure:6445:10: warning: unused variable 'c1' [-Wunused-variable]
    void *c1 = static_cast<void *>(c);
          ^
configure:6469: checking if c++ supports dynamic_cast<> (required)
configure:6484: c++ -c -Wall -O9 -funroll-all-loops -finline -ffast-math  conftest.C 1>&5
configure: In function 'int main()':
configure:6479:9: warning: unused variable 'c1' [-Wunused-variable]
    foo *c1 = dynamic_cast<foo *>(c);
         ^
configure:6503: checking if c++ supports bool (required)
configure:6516: c++ -c -Wall -O9 -funroll-all-loops -finline -ffast-math  conftest.C 1>&5
configure: In function 'int main()':
configure:6510:9: warning: unused variable 'b' [-Wunused-variable]
    bool b=true;
         ^
configure:6511:9: warning: unused variable 'b1' [-Wunused-variable]
    bool b1=false;
         ^
configure:6535: checking if c++ supports namespaces (required) 
configure:6549: c++ -c -Wall -O9 -funroll-all-loops -finline -ffast-math  conftest.C 1>&5
configure: In function 'int main()':
configure:6544:3: warning: unused variable 'a' [-Wunused-variable]
 A a;
   ^
configure:6569: checking if c++ uses std namespace 
configure:6584: c++ -c -Wall -O9 -funroll-all-loops -finline -ffast-math  conftest.C 1>&5
configure:6640: checking if c++ environment provides all required features
configure:6682: checking for java
configure:6721: checking for javac
configure:6760: checking for jar
configure:6794: checking for java include file jni.h
